Using pre-set license
Built from '2021.3/staging' branch; Version is '2021.3.5f1 (40eb3a945986) revision 4254522'; Using compiler version '192829333'; Build Type 'Release'
OS: 'Windows 10  (10.0.19044) 64bit Enterprise' Language: 'fr' Physical Memory: 65433 MB
BatchMode: 1, IsHumanControllingUs: 0, StartBugReporterOnCrash: 0, Is64bit: 1, IsPro: 1

COMMAND LINE ARGUMENTS:
C:\Program Files\Unity\Hub\Editor\2021.3.5f1\Editor\Unity.exe
-adb2
-batchMode
-noUpm
-name
AssetImportWorker0
-projectPath
C:/Users/oelkhalifi/Desktop/Vr RayMarching
-logFile
Logs/AssetImportWorker0.log
-srvPort
56681
Successfully changed project path to: C:/Users/oelkhalifi/Desktop/Vr RayMarching
C:/Users/oelkhalifi/Desktop/Vr RayMarching
[UnityMemory] Configuration Parameters - Can be set up in boot.config
    "memorysetup-bucket-allocator-granularity=16"
    "memorysetup-bucket-allocator-bucket-count=8"
    "memorysetup-bucket-allocator-block-size=33554432"
    "memorysetup-bucket-allocator-block-count=8"
    "memorysetup-main-allocator-block-size=16777216"
    "memorysetup-thread-allocator-block-size=16777216"
    "memorysetup-gfx-main-allocator-block-size=16777216"
    "memorysetup-gfx-thread-allocator-block-size=16777216"
    "memorysetup-cache-allocator-block-size=4194304"
    "memorysetup-typetree-allocator-block-size=2097152"
    "memorysetup-profiler-bucket-allocator-granularity=16"
    "memorysetup-profiler-bucket-allocator-bucket-count=8"
    "memorysetup-profiler-bucket-allocator-block-size=33554432"
    "memorysetup-profiler-bucket-allocator-block-count=8"
    "memorysetup-profiler-allocator-block-size=16777216"
    "memorysetup-profiler-editor-allocator-block-size=1048576"
    "memorysetup-temp-allocator-size-main=16777216"
    "memorysetup-job-temp-allocator-block-size=2097152"
    "memorysetup-job-temp-allocator-block-size-background=1048576"
    "memorysetup-job-temp-allocator-reduction-small-platforms=262144"
    "memorysetup-temp-allocator-size-background-worker=32768"
    "memorysetup-temp-allocator-size-job-worker=262144"
    "memorysetup-temp-allocator-size-preload-manager=33554432"
    "memorysetup-temp-allocator-size-nav-mesh-worker=65536"
    "memorysetup-temp-allocator-size-audio-worker=65536"
    "memorysetup-temp-allocator-size-cloud-worker=32768"
    "memorysetup-temp-allocator-size-gi-baking-worker=262144"
    "memorysetup-temp-allocator-size-gfx=262144"
Refreshing native plugins compatible for Editor in 71.73 ms, found 2 plugins.
Preloading 0 native plugins for Editor in 0.00 ms.
Initialize engine version: 2021.3.5f1 (40eb3a945986)
[Subsystems] Discovering subsystems at path C:/Program Files/Unity/Hub/Editor/2021.3.5f1/Editor/Data/Resources/UnitySubsystems
[Subsystems] Discovering subsystems at path C:/Users/oelkhalifi/Desktop/Vr RayMarching/Assets
GfxDevice: creating device client; threaded=0; jobified=0
Direct3D:
    Version:  Direct3D 11.0 [level 11.1]
    Renderer: NVIDIA GeForce GTX 1060 6GB (ID=0x1c03)
    Vendor:   NVIDIA
    VRAM:     6052 MB
    Driver:   30.0.15.1123
Initialize mono
Mono path[0] = 'C:/Program Files/Unity/Hub/Editor/2021.3.5f1/Editor/Data/Managed'
Mono path[1] = 'C:/Program Files/Unity/Hub/Editor/2021.3.5f1/Editor/Data/MonoBleedingEdge/lib/mono/unityjit-win32'
Mono config path = 'C:/Program Files/Unity/Hub/Editor/2021.3.5f1/Editor/Data/MonoBleedingEdge/etc'
Using monoOptions --debugger-agent=transport=dt_socket,embedding=1,server=y,suspend=n,address=127.0.0.1:56456
Begin MonoManager ReloadAssembly
Registering precompiled unity dll's ...
Register platform support module: C:/Program Files/Unity/Hub/Editor/2021.3.5f1/Editor/Data/PlaybackEngines/AndroidPlayer/UnityEditor.Android.Extensions.dll
Register platform support module: C:/Program Files/Unity/Hub/Editor/2021.3.5f1/Editor/Data/PlaybackEngines/WindowsStandaloneSupport/UnityEditor.WindowsStandalone.Extensions.dll
Registered in 0.011898 seconds.
Native extension for WindowsStandalone target not found
Native extension for Android target not found
Refreshing native plugins compatible for Editor in 55.79 ms, found 2 plugins.
Preloading 0 native plugins for Editor in 0.00 ms.
Mono: successfully reloaded assembly
- Completed reload, in  0.875 seconds
Domain Reload Profiling:
	ReloadAssembly (876ms)
		BeginReloadAssembly (132ms)
			ExecutionOrderSort (0ms)
			DisableScriptedObjects (0ms)
			BackupInstance (0ms)
			ReleaseScriptingObjects (0ms)
			CreateAndSetChildDomain (1ms)
		EndReloadAssembly (595ms)
			LoadAssemblies (128ms)
			RebuildTransferFunctionScriptingTraits (0ms)
			SetupTypeCache (160ms)
			ReleaseScriptCaches (0ms)
			RebuildScriptCaches (37ms)
			SetupLoadedEditorAssemblies (308ms)
				LogAssemblyErrors (0ms)
				InitializePlatformSupportModulesInManaged (75ms)
				SetLoadedEditorAssemblies (0ms)
				RefreshPlugins (56ms)
				BeforeProcessingInitializeOnLoad (1ms)
				ProcessInitializeOnLoadAttributes (116ms)
				ProcessInitializeOnLoadMethodAttributes (59ms)
				AfterProcessingInitializeOnLoad (0ms)
				EditorAssembliesLoaded (0ms)
			ExecutionOrderSort2 (0ms)
			AwakeInstancesAfterBackupRestoration (0ms)
Platform modules already initialized, skipping
Registering precompiled user dll's ...
Registered in 0.010365 seconds.
Begin MonoManager ReloadAssembly
Native extension for WindowsStandalone target not found
Native extension for Android target not found
Refreshing native plugins compatible for Editor in 0.76 ms, found 2 plugins.
Preloading 0 native plugins for Editor in 0.00 ms.
Package Manager log level set to [2]
Mono: successfully reloaded assembly
- Completed reload, in  1.578 seconds
Domain Reload Profiling:
	ReloadAssembly (1579ms)
		BeginReloadAssembly (309ms)
			ExecutionOrderSort (0ms)
			DisableScriptedObjects (7ms)
			BackupInstance (0ms)
			ReleaseScriptingObjects (0ms)
			CreateAndSetChildDomain (145ms)
		EndReloadAssembly (1084ms)
			LoadAssemblies (166ms)
			RebuildTransferFunctionScriptingTraits (0ms)
			SetupTypeCache (242ms)
			ReleaseScriptCaches (1ms)
			RebuildScriptCaches (56ms)
			SetupLoadedEditorAssemblies (610ms)
				LogAssemblyErrors (0ms)
				InitializePlatformSupportModulesInManaged (20ms)
				SetLoadedEditorAssemblies (1ms)
				RefreshPlugins (1ms)
				BeforeProcessingInitializeOnLoad (104ms)
				ProcessInitializeOnLoadAttributes (296ms)
				ProcessInitializeOnLoadMethodAttributes (169ms)
				AfterProcessingInitializeOnLoad (19ms)
				EditorAssembliesLoaded (0ms)
			ExecutionOrderSort2 (0ms)
			AwakeInstancesAfterBackupRestoration (11ms)
Platform modules already initialized, skipping
========================================================================
Worker process is ready to serve import requests
Launched and connected shader compiler UnityShaderCompiler.exe after 0.20 seconds
Refreshing native plugins compatible for Editor in 1.20 ms, found 2 plugins.
Preloading 0 native plugins for Editor in 0.00 ms.
Unloading 2456 Unused Serialized files (Serialized files now loaded: 0)
Unloading 70 unused Assets / (1.3 MB). Loaded Objects now: 2882.
Memory consumption went from 101.8 MB to 100.5 MB.
Total: 11.784300 ms (FindLiveObjects: 0.344200 ms CreateObjectMapping: 0.192400 ms MarkObjects: 10.814400 ms  DeleteObjects: 0.431200 ms)

AssetImportParameters requested are different than current active one (requested -> active):
  custom:video-decoder-ogg-theora: a1e56fd34408186e4bbccfd4996cb3dc -> 
  custom:container-muxer-webm: aa71ff27fc2769a1b78a27578f13a17b -> 
  custom:container-demuxer-webm: 4f35f7cbe854078d1ac9338744f61a02 -> 
  custom:video-encoder-webm-vp8: eb34c28f22e8b96e1ab97ce403110664 -> 
  custom:audio-encoder-webm-vorbis: bf7c407c2cedff20999df2af8eb42d56 -> 
  custom:framework-win-MediaFoundation: 216162199b28c13a410421893ffa2e32 -> 
  custom:container-demuxer-ogg: 62fdf1f143b41e24485cea50d1cbac27 -> 
  custom:video-decoder-webm-vp8: 9c59270c3fd7afecdb556c50c9e8de78 -> 
  custom:audio-decoder-ogg-vorbis: bf7c407c2cedff20999df2af8eb42d56 -> 
========================================================================
Received Import Request.
  Time since last request: 10578.657991 seconds.
  path: Assets/Raymarching/Editor
  artifactKey: Guid(52367c61da25d7047a1e18e94b5e6366) Importer(815301076,1909f56bfc062723c751e8b465ee728b)
Start importing Assets/Raymarching/Editor using Guid(52367c61da25d7047a1e18e94b5e6366) Importer(815301076,1909f56bfc062723c751e8b465ee728b)  -> (artifact id: 'e13970844085dbfe78386ff1560dccde') in 0.017050 seconds 
========================================================================
Received Import Request.
  Time since last request: 0.000035 seconds.
  path: Assets/Raymarching
  artifactKey: Guid(97a7f1b5350a2a445aa88f5c12fc0133) Importer(815301076,1909f56bfc062723c751e8b465ee728b)
Start importing Assets/Raymarching using Guid(97a7f1b5350a2a445aa88f5c12fc0133) Importer(815301076,1909f56bfc062723c751e8b465ee728b)  -> (artifact id: '1a431e723739a7cfe805cacf5357065f') in 0.006988 seconds 
========================================================================
Received Prepare
Registering precompiled user dll's ...
Registered in 0.010073 seconds.
Begin MonoManager ReloadAssembly
Native extension for WindowsStandalone target not found
Native extension for Android target not found
Refreshing native plugins compatible for Editor in 0.77 ms, found 2 plugins.
Preloading 0 native plugins for Editor in 0.00 ms.
Mono: successfully reloaded assembly
- Completed reload, in  1.441 seconds
Domain Reload Profiling:
	ReloadAssembly (1442ms)
		BeginReloadAssembly (178ms)
			ExecutionOrderSort (0ms)
			DisableScriptedObjects (8ms)
			BackupInstance (0ms)
			ReleaseScriptingObjects (0ms)
			CreateAndSetChildDomain (44ms)
		EndReloadAssembly (1125ms)
			LoadAssemblies (140ms)
			RebuildTransferFunctionScriptingTraits (0ms)
			SetupTypeCache (265ms)
			ReleaseScriptCaches (1ms)
			RebuildScriptCaches (57ms)
			SetupLoadedEditorAssemblies (615ms)
				LogAssemblyErrors (0ms)
				InitializePlatformSupportModulesInManaged (28ms)
				SetLoadedEditorAssemblies (1ms)
				RefreshPlugins (1ms)
				BeforeProcessingInitializeOnLoad (97ms)
				ProcessInitializeOnLoadAttributes (267ms)
				ProcessInitializeOnLoadMethodAttributes (209ms)
				AfterProcessingInitializeOnLoad (13ms)
				EditorAssembliesLoaded (0ms)
			ExecutionOrderSort2 (0ms)
			AwakeInstancesAfterBackupRestoration (14ms)
Platform modules already initialized, skipping
Refreshing native plugins compatible for Editor in 8.43 ms, found 2 plugins.
Preloading 0 native plugins for Editor in 0.00 ms.
Unloading 2418 Unused Serialized files (Serialized files now loaded: 0)
Unloading 59 unused Assets / (1.2 MB). Loaded Objects now: 2885.
Memory consumption went from 98.3 MB to 97.1 MB.
Total: 7.275400 ms (FindLiveObjects: 0.381000 ms CreateObjectMapping: 0.163700 ms MarkObjects: 6.508800 ms  DeleteObjects: 0.220300 ms)

AssetImportParameters requested are different than current active one (requested -> active):
  custom:video-decoder-ogg-theora: a1e56fd34408186e4bbccfd4996cb3dc -> 
  custom:container-muxer-webm: aa71ff27fc2769a1b78a27578f13a17b -> 
  custom:container-demuxer-webm: 4f35f7cbe854078d1ac9338744f61a02 -> 
  custom:video-encoder-webm-vp8: eb34c28f22e8b96e1ab97ce403110664 -> 
  custom:audio-encoder-webm-vorbis: bf7c407c2cedff20999df2af8eb42d56 -> 
  custom:framework-win-MediaFoundation: 216162199b28c13a410421893ffa2e32 -> 
  custom:container-demuxer-ogg: 62fdf1f143b41e24485cea50d1cbac27 -> 
  custom:video-decoder-webm-vp8: 9c59270c3fd7afecdb556c50c9e8de78 -> 
  custom:audio-decoder-ogg-vorbis: bf7c407c2cedff20999df2af8eb42d56 -> 
========================================================================
Received Import Request.
  Time since last request: 1207.448799 seconds.
  path: Assets/Raymarching/Scripts
  artifactKey: Guid(a0ecce56bc70ce441a183d71de6db43f) Importer(815301076,1909f56bfc062723c751e8b465ee728b)
Start importing Assets/Raymarching/Scripts using Guid(a0ecce56bc70ce441a183d71de6db43f) Importer(815301076,1909f56bfc062723c751e8b465ee728b)  -> (artifact id: 'b89f46d0cb79ee9bb4693cb3dba2bdab') in 0.011774 seconds 
========================================================================
Received Import Request.
  Time since last request: 2.279960 seconds.
  path: Assets/Raymarching/Resources
  artifactKey: Guid(f6ad16f43eac9a5459dd8740a05e49ea) Importer(815301076,1909f56bfc062723c751e8b465ee728b)
Start importing Assets/Raymarching/Resources using Guid(f6ad16f43eac9a5459dd8740a05e49ea) Importer(815301076,1909f56bfc062723c751e8b465ee728b)  -> (artifact id: 'c58d7b3dbeda56b51fe714973473667a') in 0.005805 seconds 
========================================================================
Received Import Request.
  Time since last request: 1.546820 seconds.
  path: Assets/Raymarching/Resources/Shaders
  artifactKey: Guid(27d4b8b95ae00464b916c7d790a50094) Importer(815301076,1909f56bfc062723c751e8b465ee728b)
Start importing Assets/Raymarching/Resources/Shaders using Guid(27d4b8b95ae00464b916c7d790a50094) Importer(815301076,1909f56bfc062723c751e8b465ee728b)  -> (artifact id: 'c2dc7de2ef7742c33114ffc7472471cd') in 0.005437 seconds 
========================================================================
Received Import Request.
  Time since last request: 0.256368 seconds.
  path: Assets/Raymarching/Resources/Shaders/CGInc
  artifactKey: Guid(41e286f38abdd0c44842b223a285d135) Importer(815301076,1909f56bfc062723c751e8b465ee728b)
Start importing Assets/Raymarching/Resources/Shaders/CGInc using Guid(41e286f38abdd0c44842b223a285d135) Importer(815301076,1909f56bfc062723c751e8b465ee728b)  -> (artifact id: '837f6472a63b0f9ba913b6c82efa9dd0') in 0.005118 seconds 
========================================================================
Received Import Request.
  Time since last request: 1.354120 seconds.
  path: Assets/Raymarching/Resources/Shaders/CGInc/BlendModes.cginc
  artifactKey: Guid(0203c7bbff272034f875310c3244338e) Importer(815301076,1909f56bfc062723c751e8b465ee728b)
Start importing Assets/Raymarching/Resources/Shaders/CGInc/BlendModes.cginc using Guid(0203c7bbff272034f875310c3244338e) Importer(815301076,1909f56bfc062723c751e8b465ee728b)  -> (artifact id: 'dec057aee447db512e2c6a9e52085907') in 0.074021 seconds 
========================================================================
Received Import Request.
  Time since last request: 0.572487 seconds.
  path: Assets/Raymarching/Resources/Shaders/CGInc/RMMaps.cginc
  artifactKey: Guid(f6b36043304301140859c21b3a027ab4) Importer(815301076,1909f56bfc062723c751e8b465ee728b)
Start importing Assets/Raymarching/Resources/Shaders/CGInc/RMMaps.cginc using Guid(f6b36043304301140859c21b3a027ab4) Importer(815301076,1909f56bfc062723c751e8b465ee728b)  -> (artifact id: 'ec6e30a97a6c947616f9cbdbd09a3325') in 0.008856 seconds 
========================================================================
Received Import Request.
  Time since last request: 0.000023 seconds.
  path: Assets/Raymarching/Resources/Shaders/CGInc/RMFunctions.cginc
  artifactKey: Guid(5829e771c0006454c899c77cab886157) Importer(815301076,1909f56bfc062723c751e8b465ee728b)
Start importing Assets/Raymarching/Resources/Shaders/CGInc/RMFunctions.cginc using Guid(5829e771c0006454c899c77cab886157) Importer(815301076,1909f56bfc062723c751e8b465ee728b)  -> (artifact id: 'a9bb1cb743bb7cafa74e7d4d35ad5881') in 0.008526 seconds 
========================================================================
Received Import Request.
  Time since last request: 6.623105 seconds.
  path: Assets/Raymarching/Resources/Shaders/old
  artifactKey: Guid(17c2819eeb7b4a14fb6ec91a2dd5e1f6) Importer(815301076,1909f56bfc062723c751e8b465ee728b)
Start importing Assets/Raymarching/Resources/Shaders/old using Guid(17c2819eeb7b4a14fb6ec91a2dd5e1f6) Importer(815301076,1909f56bfc062723c751e8b465ee728b)  -> (artifact id: 'edec69bdb26938b10716f85172025ffb') in 0.005018 seconds 
========================================================================
Received Import Request.
  Time since last request: 181.038118 seconds.
  path: Assets/Raymarching/Presets/IFS_01.preset
  artifactKey: Guid(8209a9334e9983e4095bc61076e1b586) Importer(815301076,1909f56bfc062723c751e8b465ee728b)
Start importing Assets/Raymarching/Presets/IFS_01.preset using Guid(8209a9334e9983e4095bc61076e1b586) Importer(815301076,1909f56bfc062723c751e8b465ee728b)  -> (artifact id: 'ef72c7cbf0cec221be329418e5ca6af0') in 0.020760 seconds 
========================================================================
Received Import Request.
  Time since last request: 0.054076 seconds.
  path: Assets/Raymarching/Presets/IFS_02.preset
  artifactKey: Guid(ab71b3cc738a5bc429977223fd2ed1b9) Importer(815301076,1909f56bfc062723c751e8b465ee728b)
Start importing Assets/Raymarching/Presets/IFS_02.preset using Guid(ab71b3cc738a5bc429977223fd2ed1b9) Importer(815301076,1909f56bfc062723c751e8b465ee728b)  -> (artifact id: '244c85894bd44554d0c3496bbae3a92d') in 0.012062 seconds 
========================================================================
Received Import Request.
  Time since last request: 0.000027 seconds.
  path: Assets/Raymarching/Presets/IFS_05.preset
  artifactKey: Guid(72c0d2a8a7f692040b6599c79f0a7eab) Importer(815301076,1909f56bfc062723c751e8b465ee728b)
Start importing Assets/Raymarching/Presets/IFS_05.preset using Guid(72c0d2a8a7f692040b6599c79f0a7eab) Importer(815301076,1909f56bfc062723c751e8b465ee728b)  -> (artifact id: 'd4d87557c6a2156676a20f01eaa40ad6') in 0.010996 seconds 
========================================================================
Received Import Request.
  Time since last request: 0.000023 seconds.
  path: Assets/Raymarching/Presets/IFS_04.preset
  artifactKey: Guid(bc1eba47b8874d64681e075602115827) Importer(815301076,1909f56bfc062723c751e8b465ee728b)
Start importing Assets/Raymarching/Presets/IFS_04.preset using Guid(bc1eba47b8874d64681e075602115827) Importer(815301076,1909f56bfc062723c751e8b465ee728b)  -> (artifact id: '84b87d8cb1cc0ee4e8e4602c226ad006') in 0.009113 seconds 
========================================================================
Received Import Request.
  Time since last request: 0.000032 seconds.
  path: Assets/Raymarching/Presets/Mandebulb.preset
  artifactKey: Guid(00610cf21e25e08428625e9996626e69) Importer(815301076,1909f56bfc062723c751e8b465ee728b)
Start importing Assets/Raymarching/Presets/Mandebulb.preset using Guid(00610cf21e25e08428625e9996626e69) Importer(815301076,1909f56bfc062723c751e8b465ee728b)  -> (artifact id: '476ff919d6412c2629a7bcc4c244f454') in 0.010293 seconds 
========================================================================
Received Prepare
Registering precompiled user dll's ...
Registered in 0.009973 seconds.
Begin MonoManager ReloadAssembly
Native extension for WindowsStandalone target not found
Native extension for Android target not found
Refreshing native plugins compatible for Editor in 0.81 ms, found 2 plugins.
Preloading 0 native plugins for Editor in 0.00 ms.
Mono: successfully reloaded assembly
- Completed reload, in  1.474 seconds
Domain Reload Profiling:
	ReloadAssembly (1475ms)
		BeginReloadAssembly (174ms)
			ExecutionOrderSort (0ms)
			DisableScriptedObjects (8ms)
			BackupInstance (0ms)
			ReleaseScriptingObjects (0ms)
			CreateAndSetChildDomain (43ms)
		EndReloadAssembly (1171ms)
			LoadAssemblies (135ms)
			RebuildTransferFunctionScriptingTraits (0ms)
			SetupTypeCache (279ms)
			ReleaseScriptCaches (1ms)
			RebuildScriptCaches (55ms)
			SetupLoadedEditorAssemblies (638ms)
				LogAssemblyErrors (0ms)
				InitializePlatformSupportModulesInManaged (35ms)
				SetLoadedEditorAssemblies (1ms)
				RefreshPlugins (1ms)
				BeforeProcessingInitializeOnLoad (97ms)
				ProcessInitializeOnLoadAttributes (290ms)
				ProcessInitializeOnLoadMethodAttributes (194ms)
				AfterProcessingInitializeOnLoad (20ms)
				EditorAssembliesLoaded (0ms)
			ExecutionOrderSort2 (0ms)
			AwakeInstancesAfterBackupRestoration (14ms)
Platform modules already initialized, skipping
Refreshing native plugins compatible for Editor in 8.67 ms, found 2 plugins.
Preloading 0 native plugins for Editor in 0.00 ms.
Unloading 2418 Unused Serialized files (Serialized files now loaded: 0)
Unloading 59 unused Assets / (1.2 MB). Loaded Objects now: 2888.
Memory consumption went from 98.4 MB to 97.1 MB.
Total: 7.126800 ms (FindLiveObjects: 0.221200 ms CreateObjectMapping: 0.075000 ms MarkObjects: 6.576900 ms  DeleteObjects: 0.252300 ms)

AssetImportParameters requested are different than current active one (requested -> active):
  custom:video-decoder-ogg-theora: a1e56fd34408186e4bbccfd4996cb3dc -> 
  custom:container-muxer-webm: aa71ff27fc2769a1b78a27578f13a17b -> 
  custom:container-demuxer-webm: 4f35f7cbe854078d1ac9338744f61a02 -> 
  custom:video-encoder-webm-vp8: eb34c28f22e8b96e1ab97ce403110664 -> 
  custom:audio-encoder-webm-vorbis: bf7c407c2cedff20999df2af8eb42d56 -> 
  custom:framework-win-MediaFoundation: 216162199b28c13a410421893ffa2e32 -> 
  custom:container-demuxer-ogg: 62fdf1f143b41e24485cea50d1cbac27 -> 
  custom:video-decoder-webm-vp8: 9c59270c3fd7afecdb556c50c9e8de78 -> 
  custom:audio-decoder-ogg-vorbis: bf7c407c2cedff20999df2af8eb42d56 -> 
========================================================================
Received Prepare
Registering precompiled user dll's ...
Registered in 0.009289 seconds.
Begin MonoManager ReloadAssembly
Native extension for WindowsStandalone target not found
Native extension for Android target not found
Refreshing native plugins compatible for Editor in 0.81 ms, found 2 plugins.
Preloading 0 native plugins for Editor in 0.00 ms.
Mono: successfully reloaded assembly
- Completed reload, in  1.359 seconds
Domain Reload Profiling:
	ReloadAssembly (1359ms)
		BeginReloadAssembly (186ms)
			ExecutionOrderSort (0ms)
			DisableScriptedObjects (9ms)
			BackupInstance (0ms)
			ReleaseScriptingObjects (0ms)
			CreateAndSetChildDomain (47ms)
		EndReloadAssembly (1034ms)
			LoadAssemblies (137ms)
			RebuildTransferFunctionScriptingTraits (0ms)
			SetupTypeCache (257ms)
			ReleaseScriptCaches (1ms)
			RebuildScriptCaches (44ms)
			SetupLoadedEditorAssemblies (552ms)
				LogAssemblyErrors (0ms)
				InitializePlatformSupportModulesInManaged (28ms)
				SetLoadedEditorAssemblies (1ms)
				RefreshPlugins (1ms)
				BeforeProcessingInitializeOnLoad (80ms)
				ProcessInitializeOnLoadAttributes (268ms)
				ProcessInitializeOnLoadMethodAttributes (160ms)
				AfterProcessingInitializeOnLoad (14ms)
				EditorAssembliesLoaded (0ms)
			ExecutionOrderSort2 (0ms)
			AwakeInstancesAfterBackupRestoration (10ms)
Platform modules already initialized, skipping
Refreshing native plugins compatible for Editor in 7.68 ms, found 2 plugins.
Preloading 0 native plugins for Editor in 0.00 ms.
Unloading 2418 Unused Serialized files (Serialized files now loaded: 0)
Unloading 59 unused Assets / (1.2 MB). Loaded Objects now: 2891.
Memory consumption went from 98.4 MB to 97.1 MB.
Total: 6.473200 ms (FindLiveObjects: 0.220900 ms CreateObjectMapping: 0.079900 ms MarkObjects: 5.947400 ms  DeleteObjects: 0.223500 ms)

AssetImportParameters requested are different than current active one (requested -> active):
  custom:video-decoder-ogg-theora: a1e56fd34408186e4bbccfd4996cb3dc -> 
  custom:container-muxer-webm: aa71ff27fc2769a1b78a27578f13a17b -> 
  custom:container-demuxer-webm: 4f35f7cbe854078d1ac9338744f61a02 -> 
  custom:video-encoder-webm-vp8: eb34c28f22e8b96e1ab97ce403110664 -> 
  custom:audio-encoder-webm-vorbis: bf7c407c2cedff20999df2af8eb42d56 -> 
  custom:framework-win-MediaFoundation: 216162199b28c13a410421893ffa2e32 -> 
  custom:container-demuxer-ogg: 62fdf1f143b41e24485cea50d1cbac27 -> 
  custom:video-decoder-webm-vp8: 9c59270c3fd7afecdb556c50c9e8de78 -> 
  custom:audio-decoder-ogg-vorbis: bf7c407c2cedff20999df2af8eb42d56 -> 
========================================================================
Received Prepare
Registering precompiled user dll's ...
Registered in 0.011848 seconds.
Begin MonoManager ReloadAssembly
Native extension for WindowsStandalone target not found
Native extension for Android target not found
Refreshing native plugins compatible for Editor in 0.92 ms, found 2 plugins.
Preloading 0 native plugins for Editor in 0.00 ms.
Mono: successfully reloaded assembly
- Completed reload, in  1.321 seconds
Domain Reload Profiling:
	ReloadAssembly (1322ms)
		BeginReloadAssembly (167ms)
			ExecutionOrderSort (0ms)
			DisableScriptedObjects (13ms)
			BackupInstance (0ms)
			ReleaseScriptingObjects (0ms)
			CreateAndSetChildDomain (37ms)
		EndReloadAssembly (1019ms)
			LoadAssemblies (133ms)
			RebuildTransferFunctionScriptingTraits (0ms)
			SetupTypeCache (240ms)
			ReleaseScriptCaches (1ms)
			RebuildScriptCaches (50ms)
			SetupLoadedEditorAssemblies (546ms)
				LogAssemblyErrors (0ms)
				InitializePlatformSupportModulesInManaged (29ms)
				SetLoadedEditorAssemblies (1ms)
				RefreshPlugins (1ms)
				BeforeProcessingInitializeOnLoad (81ms)
				ProcessInitializeOnLoadAttributes (248ms)
				ProcessInitializeOnLoadMethodAttributes (172ms)
				AfterProcessingInitializeOnLoad (14ms)
				EditorAssembliesLoaded (0ms)
			ExecutionOrderSort2 (0ms)
			AwakeInstancesAfterBackupRestoration (10ms)
Platform modules already initialized, skipping
Refreshing native plugins compatible for Editor in 7.51 ms, found 2 plugins.
Preloading 0 native plugins for Editor in 0.00 ms.
Unloading 2418 Unused Serialized files (Serialized files now loaded: 0)
Unloading 59 unused Assets / (1.2 MB). Loaded Objects now: 2894.
Memory consumption went from 98.4 MB to 97.1 MB.
Total: 6.259800 ms (FindLiveObjects: 0.213000 ms CreateObjectMapping: 0.076100 ms MarkObjects: 5.741000 ms  DeleteObjects: 0.228600 ms)

AssetImportParameters requested are different than current active one (requested -> active):
  custom:video-decoder-ogg-theora: a1e56fd34408186e4bbccfd4996cb3dc -> 
  custom:container-muxer-webm: aa71ff27fc2769a1b78a27578f13a17b -> 
  custom:container-demuxer-webm: 4f35f7cbe854078d1ac9338744f61a02 -> 
  custom:video-encoder-webm-vp8: eb34c28f22e8b96e1ab97ce403110664 -> 
  custom:audio-encoder-webm-vorbis: bf7c407c2cedff20999df2af8eb42d56 -> 
  custom:framework-win-MediaFoundation: 216162199b28c13a410421893ffa2e32 -> 
  custom:container-demuxer-ogg: 62fdf1f143b41e24485cea50d1cbac27 -> 
  custom:video-decoder-webm-vp8: 9c59270c3fd7afecdb556c50c9e8de78 -> 
  custom:audio-decoder-ogg-vorbis: bf7c407c2cedff20999df2af8eb42d56 -> 
========================================================================
Received Prepare
Registering precompiled user dll's ...
Registered in 0.009661 seconds.
Begin MonoManager ReloadAssembly
Native extension for WindowsStandalone target not found
Native extension for Android target not found
Refreshing native plugins compatible for Editor in 0.77 ms, found 2 plugins.
Preloading 0 native plugins for Editor in 0.00 ms.
Mono: successfully reloaded assembly
- Completed reload, in  1.278 seconds
Domain Reload Profiling:
	ReloadAssembly (1279ms)
		BeginReloadAssembly (179ms)
			ExecutionOrderSort (0ms)
			DisableScriptedObjects (8ms)
			BackupInstance (0ms)
			ReleaseScriptingObjects (0ms)
			CreateAndSetChildDomain (39ms)
		EndReloadAssembly (980ms)
			LoadAssemblies (144ms)
			RebuildTransferFunctionScriptingTraits (0ms)
			SetupTypeCache (218ms)
			ReleaseScriptCaches (2ms)
			RebuildScriptCaches (50ms)
			SetupLoadedEditorAssemblies (530ms)
				LogAssemblyErrors (0ms)
				InitializePlatformSupportModulesInManaged (29ms)
				SetLoadedEditorAssemblies (1ms)
				RefreshPlugins (1ms)
				BeforeProcessingInitializeOnLoad (79ms)
				ProcessInitializeOnLoadAttributes (242ms)
				ProcessInitializeOnLoadMethodAttributes (163ms)
				AfterProcessingInitializeOnLoad (16ms)
				EditorAssembliesLoaded (0ms)
			ExecutionOrderSort2 (0ms)
			AwakeInstancesAfterBackupRestoration (10ms)
Platform modules already initialized, skipping
Refreshing native plugins compatible for Editor in 7.50 ms, found 2 plugins.
Preloading 0 native plugins for Editor in 0.00 ms.
Unloading 2418 Unused Serialized files (Serialized files now loaded: 0)
Unloading 59 unused Assets / (1.2 MB). Loaded Objects now: 2897.
Memory consumption went from 98.4 MB to 97.2 MB.
Total: 6.829800 ms (FindLiveObjects: 0.210100 ms CreateObjectMapping: 0.082000 ms MarkObjects: 6.311400 ms  DeleteObjects: 0.225100 ms)

AssetImportParameters requested are different than current active one (requested -> active):
  custom:video-decoder-ogg-theora: a1e56fd34408186e4bbccfd4996cb3dc -> 
  custom:container-muxer-webm: aa71ff27fc2769a1b78a27578f13a17b -> 
  custom:container-demuxer-webm: 4f35f7cbe854078d1ac9338744f61a02 -> 
  custom:video-encoder-webm-vp8: eb34c28f22e8b96e1ab97ce403110664 -> 
  custom:audio-encoder-webm-vorbis: bf7c407c2cedff20999df2af8eb42d56 -> 
  custom:framework-win-MediaFoundation: 216162199b28c13a410421893ffa2e32 -> 
  custom:container-demuxer-ogg: 62fdf1f143b41e24485cea50d1cbac27 -> 
  custom:video-decoder-webm-vp8: 9c59270c3fd7afecdb556c50c9e8de78 -> 
  custom:audio-decoder-ogg-vorbis: bf7c407c2cedff20999df2af8eb42d56 -> 
========================================================================
Received Import Request.
  Time since last request: 5351.807408 seconds.
  path: Assets/Resources
  artifactKey: Guid(c93b678c68829b54283d5bbef1ef8818) Importer(815301076,1909f56bfc062723c751e8b465ee728b)
Start importing Assets/Resources using Guid(c93b678c68829b54283d5bbef1ef8818) Importer(815301076,1909f56bfc062723c751e8b465ee728b)  -> (artifact id: '4e812238d51eee5de3c7d6c7006a0b7e') in 0.010540 seconds 
========================================================================
Received Import Request.
  Time since last request: 4.065852 seconds.
  path: Assets/Resources/BillingMode.json
  artifactKey: Guid(e63f6f06b1eed4b49ae4a74d33224142) Importer(815301076,1909f56bfc062723c751e8b465ee728b)
Start importing Assets/Resources/BillingMode.json using Guid(e63f6f06b1eed4b49ae4a74d33224142) Importer(815301076,1909f56bfc062723c751e8b465ee728b)  -> (artifact id: 'f5373463f81468daca9758f1dafb8ee0') in 0.051544 seconds 
========================================================================
Received Import Request.
  Time since last request: 28.996746 seconds.
  path: Assets/Raymarching/Resources/Textures
  artifactKey: Guid(3add4e983d738f04ea4faaa24eb3f4c4) Importer(815301076,1909f56bfc062723c751e8b465ee728b)
Start importing Assets/Raymarching/Resources/Textures using Guid(3add4e983d738f04ea4faaa24eb3f4c4) Importer(815301076,1909f56bfc062723c751e8b465ee728b)  -> (artifact id: '60650ba53013b731580927f8dfd3ee0f') in 0.005790 seconds 
========================================================================
Received Import Request.
  Time since last request: 0.091070 seconds.
  path: Assets/Raymarching/Resources/Textures/Hash3DTxt.asset
  artifactKey: Guid(bdf3e32cbac0bdd469ed086f3613b8fa) Importer(815301076,1909f56bfc062723c751e8b465ee728b)
Start importing Assets/Raymarching/Resources/Textures/Hash3DTxt.asset using Guid(bdf3e32cbac0bdd469ed086f3613b8fa) Importer(815301076,1909f56bfc062723c751e8b465ee728b)  -> (artifact id: '5ed650c0744ba5981c169b3545d92b2a') in 0.115664 seconds 
========================================================================
Received Import Request.
  Time since last request: 0.000021 seconds.
  path: Assets/Raymarching/Resources/Textures/Perlin3DTxt.asset
  artifactKey: Guid(b06b9a2f09cc4814fa4ed7b028c09e53) Importer(815301076,1909f56bfc062723c751e8b465ee728b)
Start importing Assets/Raymarching/Resources/Textures/Perlin3DTxt.asset using Guid(b06b9a2f09cc4814fa4ed7b028c09e53) Importer(815301076,1909f56bfc062723c751e8b465ee728b)  -> (artifact id: 'f8ca39ecc286e5afdfccd93446be512f') in 0.172151 seconds 
